TN:
SF:C:\Users\nasha\Documents\code\Dev\Product_Team\Verz\webpack.config.js
FNF:0
FNH:0
DA:1,1
DA:2,1
DA:3,1
DA:4,1
DA:6,1
LF:5
LH:5
BRF:0
BRH:0
end_of_record
TN:
SF:C:\Users\nasha\Documents\code\Dev\Product_Team\Verz\server\server.js
FN:25,(anonymous_0)
FN:26,(anonymous_1)
FN:35,(anonymous_2)
FN:44,(anonymous_3)
FN:54,(anonymous_4)
FN:69,(anonymous_5)
FN:75,(anonymous_6)
FNF:7
FNH:3
FNDA:0,(anonymous_0)
FNDA:0,(anonymous_1)
FNDA:1,(anonymous_2)
FNDA:1,(anonymous_3)
FNDA:1,(anonymous_4)
FNDA:0,(anonymous_5)
FNDA:0,(anonymous_6)
DA:3,1
DA:4,1
DA:5,1
DA:6,1
DA:7,1
DA:8,1
DA:9,1
DA:10,1
DA:11,1
DA:12,1
DA:13,1
DA:14,1
DA:15,1
DA:17,1
DA:18,1
DA:23,1
DA:25,0
DA:26,0
DA:28,1
DA:30,1
DA:31,1
DA:32,1
DA:33,1
DA:35,1
DA:36,1
DA:37,0
DA:39,1
DA:42,1
DA:44,1
DA:45,1
DA:55,1
DA:56,1
DA:57,1
DA:62,1
DA:63,1
DA:64,1
DA:65,1
DA:66,1
DA:68,0
DA:69,0
DA:70,0
DA:75,1
DA:76,0
DA:77,0
DA:80,1
LF:45
LH:37
BRDA:36,0,0,0
BRDA:36,0,1,1
BRDA:62,1,0,1
BRDA:62,1,1,0
BRF:4
BRH:2
end_of_record
TN:
SF:C:\Users\nasha\Documents\code\Dev\Product_Team\Verz\server\config\dev.js
FNF:0
FNH:0
DA:1,1
LF:1
LH:1
BRF:0
BRH:0
end_of_record
TN:
SF:C:\Users\nasha\Documents\code\Dev\Product_Team\Verz\server\config\keys.js
FNF:0
FNH:0
DA:2,1
DA:3,0
DA:4,1
DA:5,0
DA:6,1
DA:7,1
LF:6
LH:4
BRDA:2,0,0,0
BRDA:2,0,1,1
BRDA:4,1,0,0
BRDA:4,1,1,1
BRDA:6,2,0,1
BRDA:6,2,1,0
BRF:6
BRH:3
end_of_record
TN:
SF:C:\Users\nasha\Documents\code\Dev\Product_Team\Verz\server\middleware\isAuth.js
FNF:0
FNH:0
DA:1,1
DA:2,1
DA:5,1
LF:3
LH:3
BRF:0
BRH:0
end_of_record
TN:
SF:C:\Users\nasha\Documents\code\Dev\Product_Team\Verz\server\middleware\helpers\generateToken.helper.js
FN:7,(anonymous_0)
FNF:1
FNH:0
FNDA:0,(anonymous_0)
DA:1,1
DA:2,1
DA:3,1
DA:5,1
DA:7,1
DA:8,0
LF:6
LH:5
BRF:0
BRH:0
end_of_record
TN:
SF:C:\Users\nasha\Documents\code\Dev\Product_Team\Verz\server\middleware\helpers\isValid.helper.js
FN:1,(anonymous_0)
FNF:1
FNH:1
FNDA:1,(anonymous_0)
DA:1,1
DA:2,1
DA:3,0
DA:4,0
DA:7,1
LF:5
LH:3
BRDA:2,0,0,0
BRDA:2,0,1,1
BRDA:3,1,0,0
BRDA:3,1,1,0
BRDA:3,2,0,0
BRDA:3,2,1,0
BRF:6
BRH:1
end_of_record
TN:
SF:C:\Users\nasha\Documents\code\Dev\Product_Team\Verz\server\middleware\helpers\setUserInfo.helper.js
FN:2,(anonymous_0)
FNF:1
FNH:0
FNDA:0,(anonymous_0)
DA:2,1
DA:3,0
LF:2
LH:1
BRF:0
BRH:0
end_of_record
TN:
SF:C:\Users\nasha\Documents\code\Dev\Product_Team\Verz\server\models\Comment.js
FN:27,(anonymous_0)
FN:36,(anonymous_1)
FNF:2
FNH:0
FNDA:0,(anonymous_0)
FNDA:0,(anonymous_1)
DA:3,1
DA:5,1
DA:7,1
DA:27,1
DA:28,0
DA:30,0
DA:32,0
DA:33,0
DA:36,1
DA:37,0
DA:39,0
DA:40,0
DA:41,0
DA:44,1
LF:14
LH:6
BRF:0
BRH:0
end_of_record
TN:
SF:C:\Users\nasha\Documents\code\Dev\Product_Team\Verz\server\models\Post.js
FN:74,(anonymous_0)
FN:82,(anonymous_1)
FN:85,(anonymous_2)
FN:91,(anonymous_3)
FN:94,(anonymous_4)
FN:97,(anonymous_5)
FN:101,(anonymous_6)
FN:104,(anonymous_7)
FN:107,(anonymous_8)
FN:110,(anonymous_9)
FN:113,(anonymous_10)
FN:120,(anonymous_11)
FN:129,(anonymous_12)
FN:147,(anonymous_13)
FNF:14
FNH:0
FNDA:0,(anonymous_0)
FNDA:0,(anonymous_1)
FNDA:0,(anonymous_2)
FNDA:0,(anonymous_3)
FNDA:0,(anonymous_4)
FNDA:0,(anonymous_5)
FNDA:0,(anonymous_6)
FNDA:0,(anonymous_7)
FNDA:0,(anonymous_8)
FNDA:0,(anonymous_9)
FNDA:0,(anonymous_10)
FNDA:0,(anonymous_11)
FNDA:0,(anonymous_12)
FNDA:0,(anonymous_13)
DA:6,1
DA:7,1
DA:9,1
DA:11,1
DA:74,1
DA:75,0
DA:77,0
DA:78,0
DA:79,0
DA:82,1
DA:83,0
DA:85,0
DA:86,0
DA:87,0
DA:91,1
DA:92,0
DA:94,0
DA:95,0
DA:96,0
DA:97,0
DA:101,1
DA:102,0
DA:104,0
DA:107,1
DA:108,0
DA:110,0
DA:113,1
DA:114,0
DA:115,0
DA:116,0
DA:117,0
DA:119,0
DA:120,0
DA:123,0
DA:125,0
DA:129,1
DA:130,0
DA:131,0
DA:132,0
DA:137,0
DA:138,0
DA:139,0
DA:141,0
DA:143,0
DA:147,1
DA:148,0
DA:149,0
DA:150,0
DA:151,0
DA:152,0
DA:154,0
DA:158,1
LF:52
LH:13
BRF:0
BRH:0
end_of_record
TN:
SF:C:\Users\nasha\Documents\code\Dev\Product_Team\Verz\server\models\User.js
FN:72,save
FN:77,(anonymous_1)
FN:81,(anonymous_2)
FN:91,comparePassword
FN:92,(anonymous_4)
FN:97,(anonymous_5)
FN:112,(anonymous_6)
FN:126,(anonymous_7)
FN:161,(anonymous_8)
FN:177,(anonymous_9)
FN:179,(anonymous_10)
FN:195,(anonymous_11)
FN:199,(anonymous_12)
FN:208,(anonymous_13)
FN:212,(anonymous_14)
FN:221,(anonymous_15)
FNF:16
FNH:0
FNDA:0,save
FNDA:0,(anonymous_1)
FNDA:0,(anonymous_2)
FNDA:0,comparePassword
FNDA:0,(anonymous_4)
FNDA:0,(anonymous_5)
FNDA:0,(anonymous_6)
FNDA:0,(anonymous_7)
FNDA:0,(anonymous_8)
FNDA:0,(anonymous_9)
FNDA:0,(anonymous_10)
FNDA:0,(anonymous_11)
FNDA:0,(anonymous_12)
FNDA:0,(anonymous_13)
FNDA:0,(anonymous_14)
FNDA:0,(anonymous_15)
DA:6,1
DA:7,1
DA:9,1
DA:10,1
DA:11,1
DA:13,1
DA:72,1
DA:73,0
DA:74,0
DA:75,0
DA:77,0
DA:78,0
DA:79,0
DA:81,0
DA:82,0
DA:83,0
DA:85,0
DA:86,0
DA:91,1
DA:92,0
DA:93,0
DA:97,1
DA:98,0
DA:102,0
DA:107,0
DA:108,0
DA:111,0
DA:112,0
DA:113,0
DA:114,0
DA:117,0
DA:118,0
DA:120,0
DA:122,0
DA:126,1
DA:127,0
DA:128,0
DA:133,0
DA:134,0
DA:135,0
DA:137,0
DA:138,0
DA:142,0
DA:145,0
DA:147,0
DA:152,0
DA:154,0
DA:155,0
DA:157,0
DA:161,1
DA:162,0
DA:163,0
DA:168,0
DA:169,0
DA:171,0
DA:173,0
DA:174,0
DA:177,0
DA:179,0
DA:181,0
DA:186,0
DA:188,0
DA:189,0
DA:191,0
DA:195,1
DA:196,0
DA:197,0
DA:198,0
DA:199,0
DA:202,0
DA:204,0
DA:208,1
DA:209,0
DA:210,0
DA:211,0
DA:212,0
DA:215,0
DA:217,0
DA:221,1
DA:222,0
DA:223,0
DA:228,0
DA:229,0
DA:231,0
DA:232,0
DA:234,0
DA:239,0
DA:241,0
DA:245,1
LF:89
LH:15
BRDA:74,0,0,0
BRDA:74,0,1,0
BRDA:78,1,0,0
BRDA:78,1,1,0
BRDA:82,2,0,0
BRDA:82,2,1,0
BRDA:111,3,0,0
BRDA:111,3,1,0
BRDA:137,4,0,0
BRDA:137,4,1,0
BRDA:154,5,0,0
BRDA:154,5,1,0
BRDA:173,6,0,0
BRDA:173,6,1,0
BRDA:188,7,0,0
BRDA:188,7,1,0
BRF:16
BRH:0
end_of_record
TN:
SF:C:\Users\nasha\Documents\code\Dev\Product_Team\Verz\server\models\index.js
FNF:0
FNH:0
DA:1,1
DA:2,1
DA:3,1
LF:3
LH:3
BRF:0
BRH:0
end_of_record
TN:
SF:C:\Users\nasha\Documents\code\Dev\Product_Team\Verz\server\schema\comment_type.js
FN:9,(anonymous_0)
FN:17,(anonymous_1)
FN:20,(anonymous_2)
FNF:3
FNH:1
FNDA:1,(anonymous_0)
FNDA:0,(anonymous_1)
FNDA:0,(anonymous_2)
DA:1,1
DA:2,1
DA:4,1
DA:5,1
DA:7,1
DA:9,1
DA:18,0
DA:21,0
DA:28,1
LF:9
LH:7
BRF:0
BRH:0
end_of_record
TN:
SF:C:\Users\nasha\Documents\code\Dev\Product_Team\Verz\server\schema\mutations.js
FN:26,(anonymous_0)
FN:41,(anonymous_1)
FN:54,(anonymous_2)
FN:60,(anonymous_3)
FN:73,(anonymous_4)
FN:95,(anonymous_5)
FN:108,(anonymous_6)
FN:129,(anonymous_7)
FN:140,(anonymous_8)
FN:147,(anonymous_9)
FN:154,(anonymous_10)
FN:161,(anonymous_11)
FN:168,(anonymous_12)
FN:175,(anonymous_13)
FN:184,(anonymous_14)
FN:203,(anonymous_15)
FN:220,(anonymous_16)
FNF:17
FNH:1
FNDA:0,(anonymous_0)
FNDA:0,(anonymous_1)
FNDA:0,(anonymous_2)
FNDA:0,(anonymous_3)
FNDA:0,(anonymous_4)
FNDA:0,(anonymous_5)
FNDA:0,(anonymous_6)
FNDA:0,(anonymous_7)
FNDA:0,(anonymous_8)
FNDA:0,(anonymous_9)
FNDA:0,(anonymous_10)
FNDA:0,(anonymous_11)
FNDA:0,(anonymous_12)
FNDA:0,(anonymous_13)
FNDA:0,(anonymous_14)
FNDA:0,(anonymous_15)
FNDA:1,(anonymous_16)
DA:1,1
DA:3,1
DA:4,1
DA:6,1
DA:7,1
DA:8,1
DA:9,1
DA:10,1
DA:11,1
DA:12,1
DA:13,1
DA:14,1
DA:16,1
DA:27,0
DA:29,0
DA:31,0
DA:42,0
DA:43,0
DA:45,0
DA:55,0
DA:61,0
DA:62,0
DA:63,0
DA:74,0
DA:75,0
DA:78,0
DA:85,0
DA:86,0
DA:96,0
DA:97,0
DA:99,0
DA:109,0
DA:110,0
DA:112,0
DA:117,0
DA:118,0
DA:130,0
DA:131,0
DA:133,0
DA:141,0
DA:148,0
DA:155,0
DA:162,0
DA:169,0
DA:176,0
DA:185,0
DA:186,0
DA:189,0
DA:194,0
DA:195,0
DA:204,0
DA:205,0
DA:208,0
DA:213,0
DA:214,0
DA:221,1
DA:222,1
DA:224,0
DA:229,0
DA:230,0
DA:236,1
LF:61
LH:16
BRDA:74,0,0,0
BRDA:74,0,1,0
BRDA:96,1,0,0
BRDA:96,1,1,0
BRDA:109,2,0,0
BRDA:109,2,1,0
BRDA:130,3,0,0
BRDA:130,3,1,0
BRDA:185,4,0,0
BRDA:185,4,1,0
BRDA:204,5,0,0
BRDA:204,5,1,0
BRDA:221,6,0,1
BRDA:221,6,1,0
BRF:14
BRH:1
end_of_record
TN:
SF:C:\Users\nasha\Documents\code\Dev\Product_Team\Verz\server\schema\post_type.js
FN:12,(anonymous_0)
FN:24,(anonymous_1)
FN:31,(anonymous_2)
FNF:3
FNH:1
FNDA:1,(anonymous_0)
FNDA:0,(anonymous_1)
FNDA:0,(anonymous_2)
DA:1,1
DA:2,1
DA:4,1
DA:6,1
DA:8,1
DA:10,1
DA:12,1
DA:25,0
DA:32,0
DA:33,0
DA:39,1
LF:11
LH:8
BRF:0
BRH:0
end_of_record
TN:
SF:C:\Users\nasha\Documents\code\Dev\Product_Team\Verz\server\schema\root_query_type.js
FN:17,(anonymous_0)
FN:20,(anonymous_1)
FN:27,(anonymous_2)
FN:34,(anonymous_3)
FN:40,(anonymous_4)
FNF:5
FNH:1
FNDA:1,(anonymous_0)
FNDA:0,(anonymous_1)
FNDA:0,(anonymous_2)
FNDA:0,(anonymous_3)
FNDA:0,(anonymous_4)
DA:1,1
DA:2,1
DA:4,1
DA:5,1
DA:6,1
DA:7,1
DA:9,1
DA:10,1
DA:11,1
DA:12,1
DA:13,1
DA:15,1
DA:17,1
DA:21,0
DA:28,0
DA:35,0
DA:41,0
DA:42,0
DA:45,0
DA:46,0
DA:52,1
LF:21
LH:14
BRDA:41,0,0,0
BRDA:41,0,1,0
BRF:2
BRH:0
end_of_record
TN:
SF:C:\Users\nasha\Documents\code\Dev\Product_Team\Verz\server\schema\schema.js
FNF:0
FNH:0
DA:1,1
DA:3,1
DA:5,1
DA:6,1
DA:8,1
LF:5
LH:5
BRF:0
BRH:0
end_of_record
TN:
SF:C:\Users\nasha\Documents\code\Dev\Product_Team\Verz\server\schema\user_type.js
FN:11,(anonymous_0)
FN:21,(anonymous_1)
FN:27,(anonymous_2)
FN:34,(anonymous_3)
FN:41,(anonymous_4)
FNF:5
FNH:1
FNDA:1,(anonymous_0)
FNDA:0,(anonymous_1)
FNDA:0,(anonymous_2)
FNDA:0,(anonymous_3)
FNDA:0,(anonymous_4)
DA:1,1
DA:2,1
DA:4,1
DA:5,1
DA:6,1
DA:7,1
DA:9,1
DA:11,1
DA:22,0
DA:28,0
DA:29,0
DA:35,0
DA:36,0
DA:42,0
DA:43,0
DA:49,1
LF:16
LH:9
BRF:0
BRH:0
end_of_record
TN:
SF:C:\Users\nasha\Documents\code\Dev\Product_Team\Verz\server\services\auth.js
FN:19,(anonymous_0)
FN:23,(anonymous_1)
FN:24,(anonymous_2)
FN:36,(anonymous_3)
FN:51,(anonymous_4)
FN:53,(anonymous_5)
FN:61,(anonymous_6)
FN:75,createUser
FN:77,(anonymous_8)
FN:92,(anonymous_9)
FN:108,login
FN:109,(anonymous_11)
FN:110,(anonymous_12)
FN:120,(anonymous_13)
FN:136,verifyToken
FNF:15
FNH:0
FNDA:0,(anonymous_0)
FNDA:0,(anonymous_1)
FNDA:0,(anonymous_2)
FNDA:0,(anonymous_3)
FNDA:0,(anonymous_4)
FNDA:0,(anonymous_5)
FNDA:0,(anonymous_6)
FNDA:0,createUser
FNDA:0,(anonymous_8)
FNDA:0,(anonymous_9)
FNDA:0,login
FNDA:0,(anonymous_11)
FNDA:0,(anonymous_12)
FNDA:0,(anonymous_13)
FNDA:0,verifyToken
DA:4,1
DA:5,1
DA:6,1
DA:7,1
DA:8,1
DA:10,1
DA:11,1
DA:12,1
DA:13,1
DA:14,1
DA:15,1
DA:17,1
DA:19,1
DA:20,0
DA:23,1
DA:24,0
DA:25,0
DA:29,1
DA:37,0
DA:39,0
DA:40,0
DA:42,0
DA:48,1
DA:53,0
DA:54,0
DA:55,0
DA:57,0
DA:58,0
DA:61,0
DA:62,0
DA:63,0
DA:65,0
DA:66,0
DA:68,0
DA:77,0
DA:78,0
DA:79,0
DA:81,0
DA:82,0
DA:84,0
DA:86,0
DA:87,0
DA:89,0
DA:92,0
DA:93,0
DA:94,0
DA:96,0
DA:97,0
DA:98,0
DA:99,0
DA:100,0
DA:103,0
DA:109,0
DA:110,0
DA:111,0
DA:112,0
DA:113,0
DA:116,0
DA:117,0
DA:120,0
DA:121,0
DA:122,0
DA:124,0
DA:125,0
DA:126,0
DA:130,0
DA:138,0
DA:139,0
DA:141,0
DA:142,0
DA:144,0
DA:148,1
LF:72
LH:17
BRDA:54,0,0,0
BRDA:54,0,1,0
BRDA:57,1,0,0
BRDA:57,1,1,0
BRDA:62,2,0,0
BRDA:62,2,1,0
BRDA:65,3,0,0
BRDA:65,3,1,0
BRDA:81,4,0,0
BRDA:81,4,1,0
BRDA:81,5,0,0
BRDA:81,5,1,0
BRDA:86,6,0,0
BRDA:86,6,1,0
BRDA:93,7,0,0
BRDA:93,7,1,0
BRDA:112,8,0,0
BRDA:112,8,1,0
BRDA:116,9,0,0
BRDA:116,9,1,0
BRDA:121,10,0,0
BRDA:121,10,1,0
BRF:22
BRH:0
end_of_record
TN:
SF:C:\Users\nasha\Documents\code\Dev\Product_Team\Verz\server\utils\errorConstants.js
FNF:0
FNH:0
DA:1,1
DA:12,1
LF:2
LH:2
BRF:0
BRH:0
end_of_record
TN:
SF:C:\Users\nasha\Documents\code\Dev\Product_Team\Verz\server\utils\errorHandler.js
FN:3,(anonymous_0)
FNF:1
FNH:1
FNDA:1,(anonymous_0)
DA:1,1
DA:3,1
DA:4,1
DA:7,1
LF:4
LH:4
BRF:0
BRH:0
end_of_record
