TN:
SF:/Users/kareemphillip-jackson/Desktop/Startups/Verz/webpack.config.js
FNF:0
FNH:0
DA:1,1
DA:2,1
DA:3,1
DA:4,1
DA:6,1
LF:5
LH:5
BRF:0
BRH:0
end_of_record
TN:
SF:/Users/kareemphillip-jackson/Desktop/Startups/Verz/server/server.js
FN:22,(anonymous_0)
FN:23,(anonymous_1)
FN:32,(anonymous_2)
FN:41,(anonymous_3)
FN:51,(anonymous_4)
FN:66,(anonymous_5)
FN:72,(anonymous_6)
FNF:7
FNH:3
FNDA:0,(anonymous_0)
FNDA:0,(anonymous_1)
FNDA:1,(anonymous_2)
FNDA:1,(anonymous_3)
FNDA:1,(anonymous_4)
FNDA:0,(anonymous_5)
FNDA:0,(anonymous_6)
DA:1,1
DA:2,1
DA:3,1
DA:4,1
DA:5,1
DA:6,1
DA:7,1
DA:8,1
DA:9,1
DA:10,1
DA:11,1
DA:12,1
DA:13,1
DA:15,1
DA:16,1
DA:21,1
DA:22,0
DA:23,0
DA:25,1
DA:27,1
DA:28,1
DA:29,1
DA:30,1
DA:32,1
DA:33,1
DA:34,0
DA:36,1
DA:39,1
DA:41,1
DA:42,1
DA:52,1
DA:53,1
DA:54,1
DA:59,1
DA:60,1
DA:61,1
DA:62,1
DA:63,1
DA:65,0
DA:66,0
DA:67,0
DA:72,1
DA:73,0
DA:74,0
DA:77,1
LF:45
LH:37
BRDA:33,0,0,0
BRDA:33,0,1,1
BRDA:59,1,0,1
BRDA:59,1,1,0
BRF:4
BRH:2
end_of_record
TN:
SF:/Users/kareemphillip-jackson/Desktop/Startups/Verz/server/config/dev.js
FNF:0
FNH:0
DA:1,1
LF:1
LH:1
BRF:0
BRH:0
end_of_record
TN:
SF:/Users/kareemphillip-jackson/Desktop/Startups/Verz/server/config/keys.js
FNF:0
FNH:0
DA:1,1
DA:2,0
DA:3,1
DA:4,0
DA:6,1
LF:5
LH:3
BRDA:1,0,0,0
BRDA:1,0,1,1
BRDA:3,1,0,0
BRDA:3,1,1,1
BRF:4
BRH:2
end_of_record
TN:
SF:/Users/kareemphillip-jackson/Desktop/Startups/Verz/server/middleware/isAuth.js
FNF:0
FNH:0
DA:1,1
DA:2,1
DA:5,1
LF:3
LH:3
BRF:0
BRH:0
end_of_record
TN:
SF:/Users/kareemphillip-jackson/Desktop/Startups/Verz/server/middleware/helpers/generateToken.helper.js
FN:7,(anonymous_0)
FNF:1
FNH:0
FNDA:0,(anonymous_0)
DA:1,1
DA:2,1
DA:3,1
DA:5,1
DA:7,1
DA:8,0
LF:6
LH:5
BRF:0
BRH:0
end_of_record
TN:
SF:/Users/kareemphillip-jackson/Desktop/Startups/Verz/server/middleware/helpers/setUserInfo.helper.js
FN:1,(anonymous_0)
FNF:1
FNH:0
FNDA:0,(anonymous_0)
DA:1,1
DA:2,0
LF:2
LH:1
BRF:0
BRH:0
end_of_record
TN:
SF:/Users/kareemphillip-jackson/Desktop/Startups/Verz/server/models/Comment.js
FN:23,(anonymous_0)
FN:26,(anonymous_1)
FN:32,(anonymous_2)
FN:35,(anonymous_3)
FNF:4
FNH:0
FNDA:0,(anonymous_0)
FNDA:0,(anonymous_1)
FNDA:0,(anonymous_2)
FNDA:0,(anonymous_3)
DA:1,1
DA:2,1
DA:4,1
DA:23,1
DA:24,0
DA:26,0
DA:27,0
DA:28,0
DA:32,1
DA:33,0
DA:35,0
DA:36,0
DA:37,0
DA:41,1
LF:14
LH:6
BRF:0
BRH:0
end_of_record
TN:
SF:/Users/kareemphillip-jackson/Desktop/Startups/Verz/server/models/Post.js
FN:68,(anonymous_0)
FN:71,(anonymous_1)
FN:77,(anonymous_2)
FN:80,(anonymous_3)
FN:86,(anonymous_4)
FN:89,(anonymous_5)
FN:93,(anonymous_6)
FN:98,(anonymous_7)
FN:101,(anonymous_8)
FN:104,(anonymous_9)
FN:107,(anonymous_10)
FN:110,(anonymous_11)
FN:115,(anonymous_12)
FN:133,(anonymous_13)
FNF:14
FNH:0
FNDA:0,(anonymous_0)
FNDA:0,(anonymous_1)
FNDA:0,(anonymous_2)
FNDA:0,(anonymous_3)
FNDA:0,(anonymous_4)
FNDA:0,(anonymous_5)
FNDA:0,(anonymous_6)
FNDA:0,(anonymous_7)
FNDA:0,(anonymous_8)
FNDA:0,(anonymous_9)
FNDA:0,(anonymous_10)
FNDA:0,(anonymous_11)
FNDA:0,(anonymous_12)
FNDA:0,(anonymous_13)
DA:1,1
DA:2,1
DA:3,1
DA:9,1
DA:68,1
DA:69,0
DA:71,0
DA:72,0
DA:73,0
DA:77,1
DA:78,0
DA:80,0
DA:81,0
DA:82,0
DA:86,1
DA:87,0
DA:89,0
DA:90,0
DA:91,0
DA:92,0
DA:93,0
DA:98,1
DA:99,0
DA:101,0
DA:104,1
DA:105,0
DA:107,0
DA:110,1
DA:111,0
DA:112,0
DA:115,1
DA:116,0
DA:117,0
DA:118,0
DA:123,0
DA:124,0
DA:125,0
DA:127,0
DA:133,1
DA:134,0
DA:135,0
DA:136,0
DA:137,0
DA:138,0
DA:140,0
DA:144,1
LF:46
LH:13
BRF:0
BRH:0
end_of_record
TN:
SF:/Users/kareemphillip-jackson/Desktop/Startups/Verz/server/models/User.js
FN:60,save
FN:65,(anonymous_1)
FN:69,(anonymous_2)
FN:79,comparePassword
FN:83,(anonymous_4)
FN:88,(anonymous_5)
FN:117,(anonymous_6)
FN:131,(anonymous_7)
FN:144,(anonymous_8)
FN:183,(anonymous_9)
FN:187,(anonymous_10)
FN:196,(anonymous_11)
FN:200,(anonymous_12)
FNF:13
FNH:0
FNDA:0,save
FNDA:0,(anonymous_1)
FNDA:0,(anonymous_2)
FNDA:0,comparePassword
FNDA:0,(anonymous_4)
FNDA:0,(anonymous_5)
FNDA:0,(anonymous_6)
FNDA:0,(anonymous_7)
FNDA:0,(anonymous_8)
FNDA:0,(anonymous_9)
FNDA:0,(anonymous_10)
FNDA:0,(anonymous_11)
FNDA:0,(anonymous_12)
DA:1,1
DA:2,1
DA:3,1
DA:4,1
DA:5,1
DA:6,1
DA:60,1
DA:61,0
DA:62,0
DA:63,0
DA:65,0
DA:66,0
DA:67,0
DA:69,0
DA:70,0
DA:71,0
DA:73,0
DA:74,0
DA:79,1
DA:83,0
DA:84,0
DA:88,1
DA:89,0
DA:93,0
DA:98,0
DA:99,0
DA:101,0
DA:102,0
DA:105,0
DA:106,0
DA:108,0
DA:110,0
DA:111,0
DA:113,0
DA:117,1
DA:118,0
DA:120,0
DA:129,0
DA:130,0
DA:131,0
DA:132,0
DA:134,0
DA:135,0
DA:136,0
DA:138,0
DA:140,0
DA:144,1
DA:145,0
DA:146,0
DA:151,0
DA:152,0
DA:154,0
DA:155,0
DA:157,0
DA:159,0
DA:160,0
DA:164,0
DA:167,0
DA:169,0
DA:174,0
DA:176,0
DA:177,0
DA:179,0
DA:183,1
DA:184,0
DA:185,0
DA:186,0
DA:187,0
DA:190,0
DA:192,0
DA:196,1
DA:197,0
DA:198,0
DA:199,0
DA:200,0
DA:203,0
DA:205,0
DA:209,1
LF:78
LH:14
BRDA:62,0,0,0
BRDA:62,0,1,0
BRDA:66,1,0,0
BRDA:66,1,1,0
BRDA:70,2,0,0
BRDA:70,2,1,0
BRDA:101,3,0,0
BRDA:101,3,1,0
BRDA:110,4,0,0
BRDA:110,4,1,0
BRDA:134,5,0,0
BRDA:134,5,1,0
BRDA:159,6,0,0
BRDA:159,6,1,0
BRDA:176,7,0,0
BRDA:176,7,1,0
BRF:16
BRH:0
end_of_record
TN:
SF:/Users/kareemphillip-jackson/Desktop/Startups/Verz/server/models/index.js
FNF:0
FNH:0
DA:1,1
DA:2,1
DA:3,1
LF:3
LH:3
BRF:0
BRH:0
end_of_record
TN:
SF:/Users/kareemphillip-jackson/Desktop/Startups/Verz/server/schema/comment_type.js
FN:8,(anonymous_0)
FN:15,(anonymous_1)
FN:18,(anonymous_2)
FNF:3
FNH:1
FNDA:1,(anonymous_0)
FNDA:0,(anonymous_1)
FNDA:0,(anonymous_2)
DA:1,1
DA:2,1
DA:3,1
DA:4,1
DA:6,1
DA:8,1
DA:16,0
DA:19,0
DA:26,1
LF:9
LH:7
BRF:0
BRH:0
end_of_record
TN:
SF:/Users/kareemphillip-jackson/Desktop/Startups/Verz/server/schema/mutations.js
FN:28,(anonymous_0)
FN:42,(anonymous_1)
FN:55,(anonymous_2)
FN:61,(anonymous_3)
FN:74,(anonymous_4)
FN:94,(anonymous_5)
FN:107,(anonymous_6)
FN:125,(anonymous_7)
FN:145,(anonymous_8)
FN:156,(anonymous_9)
FN:163,(anonymous_10)
FN:170,(anonymous_11)
FN:177,(anonymous_12)
FN:184,(anonymous_13)
FN:191,(anonymous_14)
FN:200,(anonymous_15)
FNF:16
FNH:0
FNDA:0,(anonymous_0)
FNDA:0,(anonymous_1)
FNDA:0,(anonymous_2)
FNDA:0,(anonymous_3)
FNDA:0,(anonymous_4)
FNDA:0,(anonymous_5)
FNDA:0,(anonymous_6)
FNDA:0,(anonymous_7)
FNDA:0,(anonymous_8)
FNDA:0,(anonymous_9)
FNDA:0,(anonymous_10)
FNDA:0,(anonymous_11)
FNDA:0,(anonymous_12)
FNDA:0,(anonymous_13)
FNDA:0,(anonymous_14)
FNDA:0,(anonymous_15)
DA:1,1
DA:8,1
DA:9,1
DA:10,1
DA:11,1
DA:12,1
DA:13,1
DA:14,1
DA:15,1
DA:16,1
DA:17,1
DA:19,1
DA:29,0
DA:30,0
DA:32,0
DA:43,0
DA:44,0
DA:46,0
DA:56,0
DA:62,0
DA:63,0
DA:64,0
DA:75,0
DA:76,0
DA:79,0
DA:85,0
DA:95,0
DA:96,0
DA:98,0
DA:108,0
DA:109,0
DA:111,0
DA:115,0
DA:126,0
DA:127,0
DA:129,0
DA:134,0
DA:146,0
DA:147,0
DA:149,0
DA:157,0
DA:164,0
DA:171,0
DA:178,0
DA:185,0
DA:192,0
DA:201,0
DA:202,0
DA:205,0
DA:209,0
DA:215,1
LF:51
LH:13
BRDA:75,0,0,0
BRDA:75,0,1,0
BRDA:95,1,0,0
BRDA:95,1,1,0
BRDA:108,2,0,0
BRDA:108,2,1,0
BRDA:126,3,0,0
BRDA:126,3,1,0
BRDA:146,4,0,0
BRDA:146,4,1,0
BRDA:201,5,0,0
BRDA:201,5,1,0
BRF:12
BRH:0
end_of_record
TN:
SF:/Users/kareemphillip-jackson/Desktop/Startups/Verz/server/schema/post_type.js
FN:17,(anonymous_0)
FN:29,(anonymous_1)
FN:35,(anonymous_2)
FNF:3
FNH:1
FNDA:1,(anonymous_0)
FNDA:0,(anonymous_1)
FNDA:0,(anonymous_2)
DA:1,1
DA:2,1
DA:10,1
DA:12,1
DA:13,1
DA:15,1
DA:17,1
DA:30,0
DA:36,0
DA:42,1
LF:10
LH:8
BRF:0
BRH:0
end_of_record
TN:
SF:/Users/kareemphillip-jackson/Desktop/Startups/Verz/server/schema/root_query_type.js
FN:14,(anonymous_0)
FN:17,(anonymous_1)
FN:24,(anonymous_2)
FN:31,(anonymous_3)
FN:37,(anonymous_4)
FNF:5
FNH:2
FNDA:1,(anonymous_0)
FNDA:0,(anonymous_1)
FNDA:0,(anonymous_2)
FNDA:0,(anonymous_3)
FNDA:1,(anonymous_4)
DA:1,1
DA:2,1
DA:3,1
DA:4,1
DA:5,1
DA:6,1
DA:7,1
DA:8,1
DA:9,1
DA:10,1
DA:12,1
DA:14,1
DA:18,0
DA:25,0
DA:32,0
DA:38,1
DA:39,1
DA:41,0
DA:48,1
LF:19
LH:15
BRDA:38,0,0,1
BRDA:38,0,1,0
BRF:2
BRH:1
end_of_record
TN:
SF:/Users/kareemphillip-jackson/Desktop/Startups/Verz/server/schema/schema.js
FNF:0
FNH:0
DA:1,1
DA:2,1
DA:4,1
DA:5,1
DA:7,1
LF:5
LH:5
BRF:0
BRH:0
end_of_record
TN:
SF:/Users/kareemphillip-jackson/Desktop/Startups/Verz/server/schema/user_type.js
FN:10,(anonymous_0)
FN:19,(anonymous_1)
FN:25,(anonymous_2)
FN:31,(anonymous_3)
FN:37,(anonymous_4)
FNF:5
FNH:1
FNDA:1,(anonymous_0)
FNDA:0,(anonymous_1)
FNDA:0,(anonymous_2)
FNDA:0,(anonymous_3)
FNDA:0,(anonymous_4)
DA:1,1
DA:2,1
DA:3,1
DA:4,1
DA:5,1
DA:6,1
DA:8,1
DA:10,1
DA:20,0
DA:26,0
DA:32,0
DA:38,0
DA:44,1
LF:13
LH:9
BRF:0
BRH:0
end_of_record
TN:
SF:/Users/kareemphillip-jackson/Desktop/Startups/Verz/server/services/auth.js
FN:15,(anonymous_0)
FN:19,(anonymous_1)
FN:20,(anonymous_2)
FN:31,(anonymous_3)
FN:33,(anonymous_4)
FN:36,(anonymous_5)
FN:46,(anonymous_6)
FN:47,(anonymous_7)
FN:54,(anonymous_8)
FN:68,createUser
FN:69,(anonymous_10)
FN:83,(anonymous_11)
FN:97,login
FN:98,(anonymous_13)
FN:99,(anonymous_14)
FN:109,(anonymous_15)
FN:124,verifyToken
FNF:17
FNH:0
FNDA:0,(anonymous_0)
FNDA:0,(anonymous_1)
FNDA:0,(anonymous_2)
FNDA:0,(anonymous_3)
FNDA:0,(anonymous_4)
FNDA:0,(anonymous_5)
FNDA:0,(anonymous_6)
FNDA:0,(anonymous_7)
FNDA:0,(anonymous_8)
FNDA:0,createUser
FNDA:0,(anonymous_10)
FNDA:0,(anonymous_11)
FNDA:0,login
FNDA:0,(anonymous_13)
FNDA:0,(anonymous_14)
FNDA:0,(anonymous_15)
FNDA:0,verifyToken
DA:1,1
DA:2,1
DA:3,1
DA:4,1
DA:5,1
DA:6,1
DA:7,1
DA:8,1
DA:9,1
DA:10,1
DA:11,1
DA:13,1
DA:15,1
DA:16,0
DA:19,1
DA:20,0
DA:21,0
DA:25,1
DA:32,0
DA:34,0
DA:37,0
DA:43,1
DA:47,0
DA:48,0
DA:49,0
DA:51,0
DA:52,0
DA:54,0
DA:55,0
DA:56,0
DA:58,0
DA:59,0
DA:61,0
DA:69,0
DA:70,0
DA:71,0
DA:73,0
DA:74,0
DA:76,0
DA:78,0
DA:79,0
DA:81,0
DA:83,0
DA:84,0
DA:85,0
DA:87,0
DA:88,0
DA:89,0
DA:92,0
DA:98,0
DA:99,0
DA:100,0
DA:101,0
DA:102,0
DA:105,0
DA:106,0
DA:109,0
DA:110,0
DA:111,0
DA:113,0
DA:114,0
DA:115,0
DA:118,0
DA:125,0
DA:126,0
DA:127,0
DA:128,0
DA:130,0
DA:134,1
LF:69
LH:17
BRDA:48,0,0,0
BRDA:48,0,1,0
BRDA:51,1,0,0
BRDA:51,1,1,0
BRDA:55,2,0,0
BRDA:55,2,1,0
BRDA:58,3,0,0
BRDA:58,3,1,0
BRDA:73,4,0,0
BRDA:73,4,1,0
BRDA:73,5,0,0
BRDA:73,5,1,0
BRDA:78,6,0,0
BRDA:78,6,1,0
BRDA:84,7,0,0
BRDA:84,7,1,0
BRDA:101,8,0,0
BRDA:101,8,1,0
BRDA:105,9,0,0
BRDA:105,9,1,0
BRDA:110,10,0,0
BRDA:110,10,1,0
BRF:22
BRH:0
end_of_record
TN:
SF:/Users/kareemphillip-jackson/Desktop/Startups/Verz/server/utils/errorConstants.js
FNF:0
FNH:0
DA:1,1
DA:12,1
LF:2
LH:2
BRF:0
BRH:0
end_of_record
TN:
SF:/Users/kareemphillip-jackson/Desktop/Startups/Verz/server/utils/errorHandler.js
FN:3,(anonymous_0)
FNF:1
FNH:1
FNDA:1,(anonymous_0)
DA:1,1
DA:3,1
DA:4,1
DA:7,1
LF:4
LH:4
BRF:0
BRH:0
end_of_record
